[      22ms] [INFO] %cDownload the React DevTools for a better development experience: https://reactjs.org/link/react-devtools font-weight:bold @ https://unpkg.com/react-dom@18/umd/react-dom.development.js:29904
[     157ms] [WARNING] You are using the in-browser Babel transformer. Be sure to precompile your scripts for production - https://babeljs.io/docs/setup/ @ https://unpkg.com/@babel/standalone/babel.min.js:2
[     193ms] ReferenceError: _Blueprint is not defined
    at <anonymous>:15:19
    at SEe (https://unpkg.com/@babel/standalone/babel.min.js:3:3128320)
    at n (https://unpkg.com/@babel/standalone/babel.min.js:3:3128571)
    at PEe (https://unpkg.com/@babel/standalone/babel.min.js:3:3129350)
    at https://unpkg.com/@babel/standalone/babel.min.js:3:3133006
    at VEe (https://unpkg.com/@babel/standalone/babel.min.js:3:3133016)
    at WEe (https://unpkg.com/@babel/standalone/babel.min.js:3:3132621)
[   34033ms] [INFO] %cDownload the React DevTools for a better development experience: https://reactjs.org/link/react-devtools font-weight:bold @ https://unpkg.com/react-dom@18/umd/react-dom.development.js:29904
[   34144ms] [WARNING] You are using the in-browser Babel transformer. Be sure to precompile your scripts for production - https://babeljs.io/docs/setup/ @ https://unpkg.com/@babel/standalone/babel.min.js:2
[   34179ms] TypeError: Cannot read properties of undefined (reading 'Button')
    at <anonymous>:16:31
    at SEe (https://unpkg.com/@babel/standalone/babel.min.js:3:3128320)
    at n (https://unpkg.com/@babel/standalone/babel.min.js:3:3128571)
    at PEe (https://unpkg.com/@babel/standalone/babel.min.js:3:3129350)
    at https://unpkg.com/@babel/standalone/babel.min.js:3:3133006
    at VEe (https://unpkg.com/@babel/standalone/babel.min.js:3:3133016)
    at WEe (https://unpkg.com/@babel/standalone/babel.min.js:3:3132621)
