[     701ms] [INFO] %cDownload the React DevTools for a better development experience: https://reactjs.org/link/react-devtools font-weight:bold @ https://unpkg.com/react-dom@18/umd/react-dom.development.js:29904
[     828ms] [WARNING] You are using the in-browser Babel transformer. Be sure to precompile your scripts for production - https://babeljs.io/docs/setup/ @ https://unpkg.com/@babel/standalone/babel.min.js:2
[     880ms] ReferenceError: Blueprint is not defined
    at <anonymous>:15:18
    at SEe (https://unpkg.com/@babel/standalone/babel.min.js:3:3128320)
    at n (https://unpkg.com/@babel/standalone/babel.min.js:3:3128571)
    at PEe (https://unpkg.com/@babel/standalone/babel.min.js:3:3129350)
    at https://unpkg.com/@babel/standalone/babel.min.js:3:3133006
    at VEe (https://unpkg.com/@babel/standalone/babel.min.js:3:3133016)
    at WEe (https://unpkg.com/@babel/standalone/babel.min.js:3:3132621)
[     886ms] [ERROR] Failed to load resource: the server responded with a status of 404 (Not Found) @ http://localhost:3000/favicon.ico:0
[   10778ms] [INFO] %cDownload the React DevTools for a better development experience: https://reactjs.org/link/react-devtools font-weight:bold @ https://unpkg.com/react-dom@18/umd/react-dom.development.js:29904
[   10936ms] [WARNING] You are using the in-browser Babel transformer. Be sure to precompile your scripts for production - https://babeljs.io/docs/setup/ @ https://unpkg.com/@babel/standalone/babel.min.js:2
[   10975ms] ReferenceError: Blueprint is not defined
    at <anonymous>:15:18
    at SEe (https://unpkg.com/@babel/standalone/babel.min.js:3:3128320)
    at n (https://unpkg.com/@babel/standalone/babel.min.js:3:3128571)
    at PEe (https://unpkg.com/@babel/standalone/babel.min.js:3:3129350)
    at https://unpkg.com/@babel/standalone/babel.min.js:3:3133006
    at VEe (https://unpkg.com/@babel/standalone/babel.min.js:3:3133016)
    at WEe (https://unpkg.com/@babel/standalone/babel.min.js:3:3132621)
[  141550ms] [INFO] %cDownload the React DevTools for a better development experience: https://reactjs.org/link/react-devtools font-weight:bold @ https://unpkg.com/react-dom@18/umd/react-dom.development.js:29904
[  141668ms] [WARNING] You are using the in-browser Babel transformer. Be sure to precompile your scripts for production - https://babeljs.io/docs/setup/ @ https://unpkg.com/@babel/standalone/babel.min.js:2
[  141699ms] ReferenceError: _Blueprint is not defined
    at <anonymous>:15:19
    at SEe (https://unpkg.com/@babel/standalone/babel.min.js:3:3128320)
    at n (https://unpkg.com/@babel/standalone/babel.min.js:3:3128571)
    at PEe (https://unpkg.com/@babel/standalone/babel.min.js:3:3129350)
    at https://unpkg.com/@babel/standalone/babel.min.js:3:3133006
    at VEe (https://unpkg.com/@babel/standalone/babel.min.js:3:3133016)
    at WEe (https://unpkg.com/@babel/standalone/babel.min.js:3:3132621)
